\BOOKMARK [1][-]{section.1}{\376\377\000I\000n\000t\000r\000o\000d\000u\000c\000t\000i\000o\000n}{}% 1
\BOOKMARK [1][-]{section.2}{\376\377\000P\000r\000o\000b\000l\000e\000m\000\040\000S\000e\000t\000t\000i\000n\000g}{}% 2
\BOOKMARK [1][-]{section.3}{\376\377\000M\000e\000t\000h\000o\000d}{}% 3
\BOOKMARK [1][-]{section.4}{\376\377\000E\000x\000p\000e\000r\000i\000m\000e\000n\000t\000s}{}% 4
\BOOKMARK [2][-]{subsection.4.1}{\376\377\000D\000U\000D\000-\000E\000\040\000R\000e\000s\000u\000l\000t\000s\000\040\000a\000n\000d\000\040\000B\000e\000n\000c\000h\000m\000a\000r\000k\000\040\000C\000r\000i\000t\000i\000q\000u\000e}{section.4}% 5
\BOOKMARK [2][-]{subsection.4.2}{\376\377\000L\0001\000\040\000C\000o\000n\000t\000e\000x\000t\000\040\000A\000b\000l\000a\000t\000i\000o\000n}{section.4}% 6
\BOOKMARK [2][-]{subsection.4.3}{\376\377\000M\000u\000l\000t\000i\000-\000T\000a\000s\000k\000\040\000T\000r\000a\000n\000s\000f\000e\000r\000\040\000a\000n\000d\000\040\000C\000o\000n\000t\000e\000x\000t\000\040\000F\000u\000s\000i\000o\000n}{section.4}% 7
\BOOKMARK [2][-]{subsection.4.4}{\376\377\000A\000t\000t\000r\000i\000b\000u\000t\000i\000o\000n\000\040\000a\000n\000d\000\040\000T\000e\000m\000p\000o\000r\000a\000l\000\040\000A\000n\000a\000l\000y\000s\000i\000s}{section.4}% 8
\BOOKMARK [2][-]{subsection.4.5}{\376\377\000D\000M\000T\000A\000\040\000R\000e\000p\000l\000a\000y\000\040\000S\000i\000m\000u\000l\000a\000t\000i\000o\000n}{section.4}% 9
\BOOKMARK [1][-]{section.5}{\376\377\000R\000e\000l\000a\000t\000e\000d\000\040\000W\000o\000r\000k}{}% 10
\BOOKMARK [1][-]{section.6}{\376\377\000D\000i\000s\000c\000u\000s\000s\000i\000o\000n}{}% 11
\BOOKMARK [1][-]{section.7}{\376\377\000C\000o\000n\000c\000l\000u\000s\000i\000o\000n}{}% 12
\BOOKMARK [1][-]{appendix.A}{\376\377\000H\000y\000p\000e\000r\000p\000a\000r\000a\000m\000e\000t\000e\000r\000\040\000C\000o\000n\000f\000i\000g\000u\000r\000a\000t\000i\000o\000n}{}% 13
\BOOKMARK [1][-]{appendix.B}{\376\377\000F\000i\000L\000M\000\040\000P\000a\000r\000a\000m\000e\000t\000e\000r\000\040\000A\000n\000a\000l\000y\000s\000i\000s}{}% 14
\BOOKMARK [1][-]{appendix.C}{\376\377\000A\000d\000d\000i\000t\000i\000o\000n\000a\000l\000\040\000R\000e\000s\000u\000l\000t\000s}{}% 15
\BOOKMARK [2][-]{subsection.C.1}{\376\377\000L\0002\000\040\000a\000n\000d\000\040\000L\0003\000\040\000A\000b\000l\000a\000t\000i\000o\000n}{appendix.C}% 16
\BOOKMARK [1][-]{appendix.D}{\376\377\000L\000i\000m\000i\000t\000a\000t\000i\000o\000n\000s}{}% 17
\BOOKMARK [1][-]{appendix.E}{\376\377\000T\000h\000e\000o\000r\000e\000t\000i\000c\000a\000l\000\040\000A\000n\000a\000l\000y\000s\000i\000s}{}% 18
\BOOKMARK [2][-]{subsection.E.1}{\376\377\000P\000r\000o\000b\000l\000e\000m\000\040\000F\000o\000r\000m\000u\000l\000a\000t\000i\000o\000n}{appendix.E}% 19
\BOOKMARK [2][-]{subsection.E.2}{\376\377\000T\000h\000e\000o\000r\000e\000t\000i\000c\000a\000l\000\040\000R\000e\000s\000u\000l\000t\000s}{appendix.E}% 20
\BOOKMARK [2][-]{subsection.E.3}{\376\377\000C\000o\000m\000p\000l\000e\000x\000i\000t\000y\000\040\000A\000n\000a\000l\000y\000s\000i\000s}{appendix.E}% 21
\BOOKMARK [1][-]{appendix.F}{\376\377\000E\000x\000t\000e\000n\000d\000e\000d\000\040\000E\000x\000p\000e\000r\000i\000m\000e\000n\000t\000a\000l\000\040\000A\000n\000a\000l\000y\000s\000i\000s}{}% 22
\BOOKMARK [2][-]{subsection.F.1}{\376\377\000P\000e\000r\000-\000T\000a\000r\000g\000e\000t\000\040\000D\000e\000t\000a\000i\000l\000e\000d\000\040\000R\000e\000s\000u\000l\000t\000s}{appendix.F}% 23
\BOOKMARK [2][-]{subsection.F.2}{\376\377\000C\000r\000o\000s\000s\000-\000T\000a\000r\000g\000e\000t\000\040\000T\000r\000a\000n\000s\000f\000e\000r\000:\000\040\000A\000\040\000N\000e\000g\000a\000t\000i\000v\000e\000\040\000R\000e\000s\000u\000l\000t}{appendix.F}% 24
\BOOKMARK [2][-]{subsection.F.3}{\376\377\000A\000b\000l\000a\000t\000i\000o\000n\000\040\000S\000t\000u\000d\000i\000e\000s}{appendix.F}% 25
\BOOKMARK [3][-]{subsubsection.F.3.1}{\376\377\000E\000m\000b\000e\000d\000d\000i\000n\000g\000\040\000D\000i\000m\000e\000n\000s\000i\000o\000n\000\040\000A\000b\000l\000a\000t\000i\000o\000n}{subsection.F.3}% 26
\BOOKMARK [3][-]{subsubsection.F.3.2}{\376\377\000N\000u\000m\000b\000e\000r\000\040\000o\000f\000\040\000M\000P\000N\000N\000\040\000L\000a\000y\000e\000r\000s}{subsection.F.3}% 27
\BOOKMARK [3][-]{subsubsection.F.3.3}{\376\377\000F\000i\000L\000M\000\040\000A\000r\000c\000h\000i\000t\000e\000c\000t\000u\000r\000e\000\040\000V\000a\000r\000i\000a\000n\000t\000s}{subsection.F.3}% 28
\BOOKMARK [2][-]{subsection.F.4}{\376\377\000D\000M\000T\000A\000\040\000R\000e\000p\000l\000a\000y\000\040\000E\000x\000t\000e\000n\000d\000e\000d\000\040\000A\000n\000a\000l\000y\000s\000i\000s}{appendix.F}% 29
\BOOKMARK [2][-]{subsection.F.5}{\376\377\000T\000e\000m\000p\000o\000r\000a\000l\000\040\000G\000e\000n\000e\000r\000a\000l\000i\000z\000a\000t\000i\000o\000n\000\040\000A\000n\000a\000l\000y\000s\000i\000s}{appendix.F}% 30
\BOOKMARK [1][-]{appendix.G}{\376\377\000I\000m\000p\000l\000e\000m\000e\000n\000t\000a\000t\000i\000o\000n\000\040\000D\000e\000t\000a\000i\000l\000s}{}% 31
\BOOKMARK [2][-]{subsection.G.1}{\376\377\000D\000a\000t\000a\000\040\000P\000r\000e\000p\000r\000o\000c\000e\000s\000s\000i\000n\000g}{appendix.G}% 32
\BOOKMARK [2][-]{subsection.G.2}{\376\377\000T\000r\000a\000i\000n\000i\000n\000g\000\040\000D\000e\000t\000a\000i\000l\000s}{appendix.G}% 33
\BOOKMARK [2][-]{subsection.G.3}{\376\377\000E\000v\000a\000l\000u\000a\000t\000i\000o\000n\000\040\000P\000r\000o\000t\000o\000c\000o\000l}{appendix.G}% 34
\BOOKMARK [1][-]{appendix.H}{\376\377\000P\000r\000o\000o\000f\000s}{}% 35
\BOOKMARK [2][-]{subsection.H.1}{\376\377\000P\000r\000o\000o\000f\000\040\000o\000f\000\040\000T\000h\000e\000o\000r\000e\000m\000\040\0003}{appendix.H}% 36
\BOOKMARK [2][-]{subsection.H.2}{\376\377\000P\000r\000o\000o\000f\000\040\000o\000f\000\040\000T\000h\000e\000o\000r\000e\000m\000\040\0004}{appendix.H}% 37
\BOOKMARK [1][-]{appendix.I}{\376\377\000A\000d\000d\000i\000t\000i\000o\000n\000a\000l\000\040\000V\000i\000s\000u\000a\000l\000i\000z\000a\000t\000i\000o\000n\000s}{}% 38
\BOOKMARK [2][-]{subsection.I.1}{\376\377\000t\000-\000S\000N\000E\000\040\000o\000f\000\040\000L\0001\000\040\000E\000m\000b\000e\000d\000d\000i\000n\000g\000s}{appendix.I}% 39
\BOOKMARK [2][-]{subsection.I.2}{\376\377\000A\000t\000t\000r\000i\000b\000u\000t\000i\000o\000n\000\040\000H\000e\000a\000t\000m\000a\000p\000s}{appendix.I}% 40
\BOOKMARK [2][-]{subsection.I.3}{\376\377\000T\000r\000a\000i\000n\000i\000n\000g\000\040\000C\000u\000r\000v\000e\000s}{appendix.I}% 41
\BOOKMARK [1][-]{appendix.J}{\376\377\000D\000U\000D\000-\000E\000\040\000B\000e\000n\000c\000h\000m\000a\000r\000k\000\040\000A\000n\000a\000l\000y\000s\000i\000s}{}% 42
\BOOKMARK [2][-]{subsection.J.1}{\376\377\000P\000e\000r\000-\000T\000a\000r\000g\000e\000t\000\040\000R\000a\000n\000d\000o\000m\000\040\000F\000o\000r\000e\000s\000t\000\040\000B\000a\000s\000e\000l\000i\000n\000e}{appendix.J}% 43
\BOOKMARK [2][-]{subsection.J.2}{\376\377\000D\000U\000D\000-\000E\000\040\000S\000t\000r\000u\000c\000t\000u\000r\000a\000l\000\040\000B\000i\000a\000s}{appendix.J}% 44
\BOOKMARK [2][-]{subsection.J.3}{\376\377\000D\000a\000t\000a\000\040\000L\000e\000a\000k\000a\000g\000e\000\040\000A\000n\000a\000l\000y\000s\000i\000s}{appendix.J}% 45
\BOOKMARK [2][-]{subsection.J.4}{\376\377\000E\000S\000M\000-\0002\000\040\000P\000r\000o\000t\000e\000i\000n\000\040\000E\000m\000b\000e\000d\000d\000i\000n\000g\000\040\000A\000n\000a\000l\000y\000s\000i\000s}{appendix.J}% 46
\BOOKMARK [1][-]{appendix.K}{\376\377\000B\000r\000o\000a\000d\000e\000r\000\040\000I\000m\000p\000a\000c\000t}{}% 47
